[2016-05-10 21:37:13.972] [INFO] normal - ::1 - - "GET /captcha/get?width=120&height=35 HTTP/1.1" 200 - "http://localhost:3000/article/114" "Mozilla/5.0 (Windows NT 10.0; WOW64) AppleWebKit/537.36 (KHTML, like Gecko) Chrome/49.0.2623.110 Safari/537.36"
[2016-05-10 21:37:13.974] [INFO] normal - ::1 - - "GET /public/js/article_detail.js HTTP/1.1" 304 - "http://localhost:3000/article/114" "Mozilla/5.0 (Windows NT 10.0; WOW64) AppleWebKit/537.36 (KHTML, like Gecko) Chrome/49.0.2623.110 Safari/537.36"
[2016-05-11 16:17:37.569] [INFO] normal - ::1 - - "GET / HTTP/1.1" 200 20367 "" "Mozilla/5.0 (Windows NT 10.0; WOW64) AppleWebKit/537.36 (KHTML, like Gecko) Chrome/49.0.2623.110 Safari/537.36"
[2016-05-11 16:17:37.922] [INFO] normal - ::1 - - "GET /public/css/font-awesome/font-awesome.min.css HTTP/1.1" 200 22482 "http://localhost:3000/" "Mozilla/5.0 (Windows NT 10.0; WOW64) AppleWebKit/537.36 (KHTML, like Gecko) Chrome/49.0.2623.110 Safari/537.36"
[2016-05-11 16:17:37.924] [INFO] normal - ::1 - - "GET /public/css/index.css HTTP/1.1" 200 2398 "http://localhost:3000/" "Mozilla/5.0 (Windows NT 10.0; WOW64) AppleWebKit/537.36 (KHTML, like Gecko) Chrome/49.0.2623.110 Safari/537.36"
[2016-05-11 16:17:37.926] [INFO] normal - ::1 - - "GET /public/css/common.css HTTP/1.1" 200 5335 "http://localhost:3000/" "Mozilla/5.0 (Windows NT 10.0; WOW64) AppleWebKit/537.36 (KHTML, like Gecko) Chrome/49.0.2623.110 Safari/537.36"
[2016-05-11 16:17:37.927] [INFO] normal - ::1 - - "GET /captcha/get?width=120&height=35 HTTP/1.1" 200 - "http://localhost:3000/" "Mozilla/5.0 (Windows NT 10.0; WOW64) AppleWebKit/537.36 (KHTML, like Gecko) Chrome/49.0.2623.110 Safari/537.36"
[2016-05-11 16:17:37.930] [INFO] normal - ::1 - - "GET /public/js/index.js HTTP/1.1" 200 325 "http://localhost:3000/" "Mozilla/5.0 (Windows NT 10.0; WOW64) AppleWebKit/537.36 (KHTML, like Gecko) Chrome/49.0.2623.110 Safari/537.36"
[2016-05-11 16:17:37.975] [INFO] normal - ::1 - - "GET /public/js/common.js HTTP/1.1" 200 7099 "http://localhost:3000/" "Mozilla/5.0 (Windows NT 10.0; WOW64) AppleWebKit/537.36 (KHTML, like Gecko) Chrome/49.0.2623.110 Safari/537.36"
[2016-05-11 16:17:37.992] [INFO] normal - ::1 - - "GET /public/js/jquery-1.12.1.min.js HTTP/1.1" 200 97408 "http://localhost:3000/" "Mozilla/5.0 (Windows NT 10.0; WOW64) AppleWebKit/537.36 (KHTML, like Gecko) Chrome/49.0.2623.110 Safari/537.36"
[2016-05-11 16:17:38.106] [INFO] normal - ::1 - - "GET /public/css/font-awesome/font/fontawesome-webfont.woff?v=3.2.1 HTTP/1.1" 200 43572 "http://localhost:3000/public/css/font-awesome/font-awesome.min.css" "Mozilla/5.0 (Windows NT 10.0; WOW64) AppleWebKit/537.36 (KHTML, like Gecko) Chrome/49.0.2623.110 Safari/537.36"
[2016-05-11 16:17:39.567] [INFO] normal - ::1 - - "GET /favicon.ico HTTP/1.1" 404 24 "http://localhost:3000/" "Mozilla/5.0 (Windows NT 10.0; WOW64) AppleWebKit/537.36 (KHTML, like Gecko) Chrome/49.0.2623.110 Safari/537.36"
[2016-05-11 16:18:28.478] [INFO] normal - ::1 - - "GET / HTTP/1.1" 200 20376 "" "Mozilla/5.0 (Windows NT 10.0; WOW64) AppleWebKit/537.36 (KHTML, like Gecko) Chrome/49.0.2623.110 Safari/537.36"
[2016-05-11 16:18:28.525] [INFO] normal - ::1 - - "GET /public/css/font-awesome/font-awesome.min.css HTTP/1.1" 304 - "http://localhost:3000/" "Mozilla/5.0 (Windows NT 10.0; WOW64) AppleWebKit/537.36 (KHTML, like Gecko) Chrome/49.0.2623.110 Safari/537.36"
[2016-05-11 16:18:28.526] [INFO] normal - ::1 - - "GET /public/css/common.css HTTP/1.1" 304 - "http://localhost:3000/" "Mozilla/5.0 (Windows NT 10.0; WOW64) AppleWebKit/537.36 (KHTML, like Gecko) Chrome/49.0.2623.110 Safari/537.36"
[2016-05-11 16:18:28.527] [INFO] normal - ::1 - - "GET /public/css/index.css HTTP/1.1" 304 - "http://localhost:3000/" "Mozilla/5.0 (Windows NT 10.0; WOW64) AppleWebKit/537.36 (KHTML, like Gecko) Chrome/49.0.2623.110 Safari/537.36"
[2016-05-11 16:18:28.528] [INFO] normal - ::1 - - "GET /public/js/jquery-1.12.1.min.js HTTP/1.1" 304 - "http://localhost:3000/" "Mozilla/5.0 (Windows NT 10.0; WOW64) AppleWebKit/537.36 (KHTML, like Gecko) Chrome/49.0.2623.110 Safari/537.36"
[2016-05-11 16:18:28.531] [INFO] normal - ::1 - - "GET /captcha/get?width=120&height=35 HTTP/1.1" 200 - "http://localhost:3000/" "Mozilla/5.0 (Windows NT 10.0; WOW64) AppleWebKit/537.36 (KHTML, like Gecko) Chrome/49.0.2623.110 Safari/537.36"
[2016-05-11 16:18:28.533] [INFO] normal - ::1 - - "GET /public/js/common.js HTTP/1.1" 304 - "http://localhost:3000/" "Mozilla/5.0 (Windows NT 10.0; WOW64) AppleWebKit/537.36 (KHTML, like Gecko) Chrome/49.0.2623.110 Safari/537.36"
[2016-05-11 16:18:28.535] [INFO] normal - ::1 - - "GET /public/js/index.js HTTP/1.1" 304 - "http://localhost:3000/" "Mozilla/5.0 (Windows NT 10.0; WOW64) AppleWebKit/537.36 (KHTML, like Gecko) Chrome/49.0.2623.110 Safari/537.36"
[2016-05-11 16:18:29.845] [INFO] normal - ::1 - - "GET / HTTP/1.1" 304 - "" "Mozilla/5.0 (Windows NT 10.0; WOW64) AppleWebKit/537.36 (KHTML, like Gecko) Chrome/49.0.2623.110 Safari/537.36"
[2016-05-11 16:18:29.883] [INFO] normal - ::1 - - "GET /public/css/font-awesome/font-awesome.min.css HTTP/1.1" 304 - "http://localhost:3000/" "Mozilla/5.0 (Windows NT 10.0; WOW64) AppleWebKit/537.36 (KHTML, like Gecko) Chrome/49.0.2623.110 Safari/537.36"
[2016-05-11 16:18:29.886] [INFO] normal - ::1 - - "GET /public/css/common.css HTTP/1.1" 304 - "http://localhost:3000/" "Mozilla/5.0 (Windows NT 10.0; WOW64) AppleWebKit/537.36 (KHTML, like Gecko) Chrome/49.0.2623.110 Safari/537.36"
[2016-05-11 16:18:29.900] [INFO] normal - ::1 - - "GET /public/css/index.css HTTP/1.1" 304 - "http://localhost:3000/" "Mozilla/5.0 (Windows NT 10.0; WOW64) AppleWebKit/537.36 (KHTML, like Gecko) Chrome/49.0.2623.110 Safari/537.36"
[2016-05-11 16:18:29.903] [INFO] normal - ::1 - - "GET /public/js/jquery-1.12.1.min.js HTTP/1.1" 304 - "http://localhost:3000/" "Mozilla/5.0 (Windows NT 10.0; WOW64) AppleWebKit/537.36 (KHTML, like Gecko) Chrome/49.0.2623.110 Safari/537.36"
[2016-05-11 16:18:29.905] [INFO] normal - ::1 - - "GET /captcha/get?width=120&height=35 HTTP/1.1" 200 - "http://localhost:3000/" "Mozilla/5.0 (Windows NT 10.0; WOW64) AppleWebKit/537.36 (KHTML, like Gecko) Chrome/49.0.2623.110 Safari/537.36"
[2016-05-11 16:18:29.908] [INFO] normal - ::1 - - "GET /public/js/common.js HTTP/1.1" 304 - "http://localhost:3000/" "Mozilla/5.0 (Windows NT 10.0; WOW64) AppleWebKit/537.36 (KHTML, like Gecko) Chrome/49.0.2623.110 Safari/537.36"
[2016-05-11 16:18:29.910] [INFO] normal - ::1 - - "GET /public/js/index.js HTTP/1.1" 304 - "http://localhost:3000/" "Mozilla/5.0 (Windows NT 10.0; WOW64) AppleWebKit/537.36 (KHTML, like Gecko) Chrome/49.0.2623.110 Safari/537.36"
[2016-05-11 16:18:30.213] [INFO] normal - ::1 - - "GET / HTTP/1.1" 304 - "" "Mozilla/5.0 (Windows NT 10.0; WOW64) AppleWebKit/537.36 (KHTML, like Gecko) Chrome/49.0.2623.110 Safari/537.36"
[2016-05-11 16:18:30.244] [INFO] normal - ::1 - - "GET /public/css/font-awesome/font-awesome.min.css HTTP/1.1" 304 - "http://localhost:3000/" "Mozilla/5.0 (Windows NT 10.0; WOW64) AppleWebKit/537.36 (KHTML, like Gecko) Chrome/49.0.2623.110 Safari/537.36"
[2016-05-11 16:18:30.247] [INFO] normal - ::1 - - "GET /public/css/common.css HTTP/1.1" 304 - "http://localhost:3000/" "Mozilla/5.0 (Windows NT 10.0; WOW64) AppleWebKit/537.36 (KHTML, like Gecko) Chrome/49.0.2623.110 Safari/537.36"
[2016-05-11 16:18:30.248] [INFO] normal - ::1 - - "GET /public/css/index.css HTTP/1.1" 304 - "http://localhost:3000/" "Mozilla/5.0 (Windows NT 10.0; WOW64) AppleWebKit/537.36 (KHTML, like Gecko) Chrome/49.0.2623.110 Safari/537.36"
[2016-05-11 16:18:30.258] [INFO] normal - ::1 - - "GET /captcha/get?width=120&height=35 HTTP/1.1" 200 - "http://localhost:3000/" "Mozilla/5.0 (Windows NT 10.0; WOW64) AppleWebKit/537.36 (KHTML, like Gecko) Chrome/49.0.2623.110 Safari/537.36"
[2016-05-11 16:18:30.261] [INFO] normal - ::1 - - "GET /public/js/jquery-1.12.1.min.js HTTP/1.1" 304 - "http://localhost:3000/" "Mozilla/5.0 (Windows NT 10.0; WOW64) AppleWebKit/537.36 (KHTML, like Gecko) Chrome/49.0.2623.110 Safari/537.36"
[2016-05-11 16:18:30.262] [INFO] normal - ::1 - - "GET /public/js/common.js HTTP/1.1" 304 - "http://localhost:3000/" "Mozilla/5.0 (Windows NT 10.0; WOW64) AppleWebKit/537.36 (KHTML, like Gecko) Chrome/49.0.2623.110 Safari/537.36"
[2016-05-11 16:18:30.263] [INFO] normal - ::1 - - "GET /public/js/index.js HTTP/1.1" 304 - "http://localhost:3000/" "Mozilla/5.0 (Windows NT 10.0; WOW64) AppleWebKit/537.36 (KHTML, like Gecko) Chrome/49.0.2623.110 Safari/537.36"
[2016-05-11 16:57:53.559] [INFO] normal - ::1 - - "GET /captcha/get?width=120&height=35&1462957073288 HTTP/1.1" 200 - "http://localhost:3000/" "Mozilla/5.0 (Windows NT 10.0; WOW64) AppleWebKit/537.36 (KHTML, like Gecko) Chrome/49.0.2623.110 Safari/537.36"
[2016-05-11 16:58:01.257] [INFO] normal - ::1 - - "GET /captcha/get?width=120&height=35&1462957081228 HTTP/1.1" 200 - "http://localhost:3000/" "Mozilla/5.0 (Windows NT 10.0; WOW64) AppleWebKit/537.36 (KHTML, like Gecko) Chrome/49.0.2623.110 Safari/537.36"
[2016-05-11 17:02:32.586] [INFO] normal - ::1 - - "GET / HTTP/1.1" 200 20392 "" "Mozilla/5.0 (Windows NT 10.0; WOW64) AppleWebKit/537.36 (KHTML, like Gecko) Chrome/49.0.2623.110 Safari/537.36"
[2016-05-11 17:02:32.644] [INFO] normal - ::1 - - "GET /public/css/font-awesome/font-awesome.min.css HTTP/1.1" 304 - "http://localhost:3000/" "Mozilla/5.0 (Windows NT 10.0; WOW64) AppleWebKit/537.36 (KHTML, like Gecko) Chrome/49.0.2623.110 Safari/537.36"
[2016-05-11 17:02:32.646] [INFO] normal - ::1 - - "GET /public/css/common.css HTTP/1.1" 304 - "http://localhost:3000/" "Mozilla/5.0 (Windows NT 10.0; WOW64) AppleWebKit/537.36 (KHTML, like Gecko) Chrome/49.0.2623.110 Safari/537.36"
[2016-05-11 17:02:32.647] [INFO] normal - ::1 - - "GET /public/css/index.css HTTP/1.1" 304 - "http://localhost:3000/" "Mozilla/5.0 (Windows NT 10.0; WOW64) AppleWebKit/537.36 (KHTML, like Gecko) Chrome/49.0.2623.110 Safari/537.36"
[2016-05-11 17:02:32.663] [INFO] normal - ::1 - - "GET /public/js/jquery-1.12.1.min.js HTTP/1.1" 304 - "http://localhost:3000/" "Mozilla/5.0 (Windows NT 10.0; WOW64) AppleWebKit/537.36 (KHTML, like Gecko) Chrome/49.0.2623.110 Safari/537.36"
[2016-05-11 17:02:32.665] [INFO] normal - ::1 - - "GET /public/js/common.js HTTP/1.1" 304 - "http://localhost:3000/" "Mozilla/5.0 (Windows NT 10.0; WOW64) AppleWebKit/537.36 (KHTML, like Gecko) Chrome/49.0.2623.110 Safari/537.36"
[2016-05-11 17:02:32.667] [INFO] normal - ::1 - - "GET /captcha/get?width=120&height=35 HTTP/1.1" 200 - "http://localhost:3000/" "Mozilla/5.0 (Windows NT 10.0; WOW64) AppleWebKit/537.36 (KHTML, like Gecko) Chrome/49.0.2623.110 Safari/537.36"
[2016-05-11 17:02:32.669] [INFO] normal - ::1 - - "GET /public/js/index.js HTTP/1.1" 304 - "http://localhost:3000/" "Mozilla/5.0 (Windows NT 10.0; WOW64) AppleWebKit/537.36 (KHTML, like Gecko) Chrome/49.0.2623.110 Safari/537.36"
[2016-05-11 17:02:33.422] [INFO] normal - ::1 - - "GET / HTTP/1.1" 304 - "http://localhost:3000/" "Mozilla/5.0 (Windows NT 10.0; WOW64) AppleWebKit/537.36 (KHTML, like Gecko) Chrome/49.0.2623.110 Safari/537.36"
[2016-05-11 17:02:33.456] [INFO] normal - ::1 - - "GET /public/css/font-awesome/font-awesome.min.css HTTP/1.1" 304 - "http://localhost:3000/" "Mozilla/5.0 (Windows NT 10.0; WOW64) AppleWebKit/537.36 (KHTML, like Gecko) Chrome/49.0.2623.110 Safari/537.36"
[2016-05-11 17:02:33.461] [INFO] normal - ::1 - - "GET /public/css/common.css HTTP/1.1" 304 - "http://localhost:3000/" "Mozilla/5.0 (Windows NT 10.0; WOW64) AppleWebKit/537.36 (KHTML, like Gecko) Chrome/49.0.2623.110 Safari/537.36"
[2016-05-11 17:02:33.469] [INFO] normal - ::1 - - "GET /public/css/index.css HTTP/1.1" 304 - "http://localhost:3000/" "Mozilla/5.0 (Windows NT 10.0; WOW64) AppleWebKit/537.36 (KHTML, like Gecko) Chrome/49.0.2623.110 Safari/537.36"
[2016-05-11 17:02:33.471] [INFO] normal - ::1 - - "GET /public/js/jquery-1.12.1.min.js HTTP/1.1" 304 - "http://localhost:3000/" "Mozilla/5.0 (Windows NT 10.0; WOW64) AppleWebKit/537.36 (KHTML, like Gecko) Chrome/49.0.2623.110 Safari/537.36"
[2016-05-11 17:02:33.474] [INFO] normal - ::1 - - "GET /public/js/common.js HTTP/1.1" 304 - "http://localhost:3000/" "Mozilla/5.0 (Windows NT 10.0; WOW64) AppleWebKit/537.36 (KHTML, like Gecko) Chrome/49.0.2623.110 Safari/537.36"
[2016-05-11 17:02:33.476] [INFO] normal - ::1 - - "GET /captcha/get?width=120&height=35 HTTP/1.1" 200 - "http://localhost:3000/" "Mozilla/5.0 (Windows NT 10.0; WOW64) AppleWebKit/537.36 (KHTML, like Gecko) Chrome/49.0.2623.110 Safari/537.36"
[2016-05-11 17:02:33.478] [INFO] normal - ::1 - - "GET /public/js/index.js HTTP/1.1" 304 - "http://localhost:3000/" "Mozilla/5.0 (Windows NT 10.0; WOW64) AppleWebKit/537.36 (KHTML, like Gecko) Chrome/49.0.2623.110 Safari/537.36"
[2016-05-11 17:02:34.123] [INFO] normal - ::1 - - "GET /captcha/get?width=120&height=35&1462957354051 HTTP/1.1" 200 - "http://localhost:3000/" "Mozilla/5.0 (Windows NT 10.0; WOW64) AppleWebKit/537.36 (KHTML, like Gecko) Chrome/49.0.2623.110 Safari/537.36"
[2016-05-11 17:03:05.550] [INFO] normal - ::1 - - "GET / HTTP/1.1" 200 20392 "http://localhost:3000/" "Mozilla/5.0 (Windows NT 10.0; WOW64) AppleWebKit/537.36 (KHTML, like Gecko) Chrome/49.0.2623.110 Safari/537.36"
[2016-05-11 17:03:05.603] [INFO] normal - ::1 - - "GET /public/css/font-awesome/font-awesome.min.css HTTP/1.1" 304 - "http://localhost:3000/" "Mozilla/5.0 (Windows NT 10.0; WOW64) AppleWebKit/537.36 (KHTML, like Gecko) Chrome/49.0.2623.110 Safari/537.36"
[2016-05-11 17:03:05.605] [INFO] normal - ::1 - - "GET /public/css/common.css HTTP/1.1" 304 - "http://localhost:3000/" "Mozilla/5.0 (Windows NT 10.0; WOW64) AppleWebKit/537.36 (KHTML, like Gecko) Chrome/49.0.2623.110 Safari/537.36"
[2016-05-11 17:03:05.606] [INFO] normal - ::1 - - "GET /public/css/index.css HTTP/1.1" 304 - "http://localhost:3000/" "Mozilla/5.0 (Windows NT 10.0; WOW64) AppleWebKit/537.36 (KHTML, like Gecko) Chrome/49.0.2623.110 Safari/537.36"
[2016-05-11 17:03:05.608] [INFO] normal - ::1 - - "GET /public/js/jquery-1.12.1.min.js HTTP/1.1" 304 - "http://localhost:3000/" "Mozilla/5.0 (Windows NT 10.0; WOW64) AppleWebKit/537.36 (KHTML, like Gecko) Chrome/49.0.2623.110 Safari/537.36"
[2016-05-11 17:03:05.610] [INFO] normal - ::1 - - "GET /captcha/get?width=120&height=35 HTTP/1.1" 200 - "http://localhost:3000/" "Mozilla/5.0 (Windows NT 10.0; WOW64) AppleWebKit/537.36 (KHTML, like Gecko) Chrome/49.0.2623.110 Safari/537.36"
[2016-05-11 17:03:05.613] [INFO] normal - ::1 - - "GET /public/js/common.js HTTP/1.1" 304 - "http://localhost:3000/" "Mozilla/5.0 (Windows NT 10.0; WOW64) AppleWebKit/537.36 (KHTML, like Gecko) Chrome/49.0.2623.110 Safari/537.36"
[2016-05-11 17:03:05.615] [INFO] normal - ::1 - - "GET /public/js/index.js HTTP/1.1" 304 - "http://localhost:3000/" "Mozilla/5.0 (Windows NT 10.0; WOW64) AppleWebKit/537.36 (KHTML, like Gecko) Chrome/49.0.2623.110 Safari/537.36"
[2016-05-11 17:03:06.523] [INFO] normal - ::1 - - "GET /captcha/get?width=120&height=35&1462957386494 HTTP/1.1" 200 - "http://localhost:3000/" "Mozilla/5.0 (Windows NT 10.0; WOW64) AppleWebKit/537.36 (KHTML, like Gecko) Chrome/49.0.2623.110 Safari/537.36"
[2016-05-11 17:03:42.918] [INFO] normal - ::1 - - "GET / HTTP/1.1" 200 20421 "http://localhost:3000/" "Mozilla/5.0 (Windows NT 10.0; WOW64) AppleWebKit/537.36 (KHTML, like Gecko) Chrome/49.0.2623.110 Safari/537.36"
[2016-05-11 17:03:42.974] [INFO] normal - ::1 - - "GET /public/css/font-awesome/font-awesome.min.css HTTP/1.1" 304 - "http://localhost:3000/" "Mozilla/5.0 (Windows NT 10.0; WOW64) AppleWebKit/537.36 (KHTML, like Gecko) Chrome/49.0.2623.110 Safari/537.36"
[2016-05-11 17:03:42.977] [INFO] normal - ::1 - - "GET /public/css/common.css HTTP/1.1" 304 - "http://localhost:3000/" "Mozilla/5.0 (Windows NT 10.0; WOW64) AppleWebKit/537.36 (KHTML, like Gecko) Chrome/49.0.2623.110 Safari/537.36"
[2016-05-11 17:03:42.979] [INFO] normal - ::1 - - "GET /public/css/index.css HTTP/1.1" 304 - "http://localhost:3000/" "Mozilla/5.0 (Windows NT 10.0; WOW64) AppleWebKit/537.36 (KHTML, like Gecko) Chrome/49.0.2623.110 Safari/537.36"
[2016-05-11 17:03:42.980] [INFO] normal - ::1 - - "GET /public/js/jquery-1.12.1.min.js HTTP/1.1" 304 - "http://localhost:3000/" "Mozilla/5.0 (Windows NT 10.0; WOW64) AppleWebKit/537.36 (KHTML, like Gecko) Chrome/49.0.2623.110 Safari/537.36"
[2016-05-11 17:03:42.983] [INFO] normal - ::1 - - "GET /captcha/get?width=120&height=35 HTTP/1.1" 200 - "http://localhost:3000/" "Mozilla/5.0 (Windows NT 10.0; WOW64) AppleWebKit/537.36 (KHTML, like Gecko) Chrome/49.0.2623.110 Safari/537.36"
[2016-05-11 17:03:42.985] [INFO] normal - ::1 - - "GET /public/js/common.js HTTP/1.1" 304 - "http://localhost:3000/" "Mozilla/5.0 (Windows NT 10.0; WOW64) AppleWebKit/537.36 (KHTML, like Gecko) Chrome/49.0.2623.110 Safari/537.36"
[2016-05-11 17:03:42.988] [INFO] normal - ::1 - - "GET /public/js/index.js HTTP/1.1" 304 - "http://localhost:3000/" "Mozilla/5.0 (Windows NT 10.0; WOW64) AppleWebKit/537.36 (KHTML, like Gecko) Chrome/49.0.2623.110 Safari/537.36"
[2016-05-11 17:03:43.870] [INFO] normal - ::1 - - "GET /captcha/get?width=120&height=35&1462957423851 HTTP/1.1" 200 - "http://localhost:3000/" "Mozilla/5.0 (Windows NT 10.0; WOW64) AppleWebKit/537.36 (KHTML, like Gecko) Chrome/49.0.2623.110 Safari/537.36"
[2016-05-11 17:03:50.885] [INFO] normal - ::1 - - "GET /public/css/font-awesome/font-awesome.min.css HTTP/1.1" 304 - "http://localhost:3000/" "Mozilla/5.0 (Windows NT 10.0; WOW64) AppleWebKit/537.36 (KHTML, like Gecko) Chrome/49.0.2623.110 Safari/537.36"
[2016-05-11 17:03:50.889] [INFO] normal - ::1 - - "GET /public/css/common.css HTTP/1.1" 304 - "http://localhost:3000/" "Mozilla/5.0 (Windows NT 10.0; WOW64) AppleWebKit/537.36 (KHTML, like Gecko) Chrome/49.0.2623.110 Safari/537.36"
[2016-05-11 17:03:50.892] [INFO] normal - ::1 - - "GET /public/css/index.css HTTP/1.1" 304 - "http://localhost:3000/" "Mozilla/5.0 (Windows NT 10.0; WOW64) AppleWebKit/537.36 (KHTML, like Gecko) Chrome/49.0.2623.110 Safari/537.36"
[2016-05-11 17:03:57.320] [INFO] normal - ::1 - - "GET /captcha/get?width=120&height=35&1462957437270 HTTP/1.1" 200 - "http://localhost:3000/" "Mozilla/5.0 (Windows NT 10.0; WOW64) AppleWebKit/537.36 (KHTML, like Gecko) Chrome/49.0.2623.110 Safari/537.36"
[2016-05-11 17:04:37.741] [INFO] normal - ::1 - - "GET / HTTP/1.1" 200 20445 "http://localhost:3000/" "Mozilla/5.0 (Windows NT 10.0; WOW64) AppleWebKit/537.36 (KHTML, like Gecko) Chrome/49.0.2623.110 Safari/537.36"
[2016-05-11 17:04:37.838] [INFO] normal - ::1 - - "GET /public/css/font-awesome/font-awesome.min.css HTTP/1.1" 304 - "http://localhost:3000/" "Mozilla/5.0 (Windows NT 10.0; WOW64) AppleWebKit/537.36 (KHTML, like Gecko) Chrome/49.0.2623.110 Safari/537.36"
[2016-05-11 17:04:37.840] [INFO] normal - ::1 - - "GET /public/css/common.css HTTP/1.1" 304 - "http://localhost:3000/" "Mozilla/5.0 (Windows NT 10.0; WOW64) AppleWebKit/537.36 (KHTML, like Gecko) Chrome/49.0.2623.110 Safari/537.36"
[2016-05-11 17:04:37.841] [INFO] normal - ::1 - - "GET /public/css/index.css HTTP/1.1" 304 - "http://localhost:3000/" "Mozilla/5.0 (Windows NT 10.0; WOW64) AppleWebKit/537.36 (KHTML, like Gecko) Chrome/49.0.2623.110 Safari/537.36"
[2016-05-11 17:04:37.842] [INFO] normal - ::1 - - "GET /public/js/jquery-1.12.1.min.js HTTP/1.1" 304 - "http://localhost:3000/" "Mozilla/5.0 (Windows NT 10.0; WOW64) AppleWebKit/537.36 (KHTML, like Gecko) Chrome/49.0.2623.110 Safari/537.36"
[2016-05-11 17:04:37.844] [INFO] normal - ::1 - - "GET /captcha/get?width=120&height=35 HTTP/1.1" 200 - "http://localhost:3000/" "Mozilla/5.0 (Windows NT 10.0; WOW64) AppleWebKit/537.36 (KHTML, like Gecko) Chrome/49.0.2623.110 Safari/537.36"
[2016-05-11 17:04:37.849] [INFO] normal - ::1 - - "GET /public/js/common.js HTTP/1.1" 304 - "http://localhost:3000/" "Mozilla/5.0 (Windows NT 10.0; WOW64) AppleWebKit/537.36 (KHTML, like Gecko) Chrome/49.0.2623.110 Safari/537.36"
[2016-05-11 17:04:37.850] [INFO] normal - ::1 - - "GET /public/js/index.js HTTP/1.1" 304 - "http://localhost:3000/" "Mozilla/5.0 (Windows NT 10.0; WOW64) AppleWebKit/537.36 (KHTML, like Gecko) Chrome/49.0.2623.110 Safari/537.36"
[2016-05-11 17:04:39.100] [INFO] normal - ::1 - - "GET /captcha/get?width=120&height=35&1462957479070 HTTP/1.1" 200 - "http://localhost:3000/" "Mozilla/5.0 (Windows NT 10.0; WOW64) AppleWebKit/537.36 (KHTML, like Gecko) Chrome/49.0.2623.110 Safari/537.36"
[2016-05-11 17:06:56.561] [INFO] normal - ::1 - - "GET / HTTP/1.1" 200 20471 "http://localhost:3000/" "Mozilla/5.0 (Windows NT 10.0; WOW64) AppleWebKit/537.36 (KHTML, like Gecko) Chrome/49.0.2623.110 Safari/537.36"
[2016-05-11 17:06:56.630] [INFO] normal - ::1 - - "GET /public/css/font-awesome/font-awesome.min.css HTTP/1.1" 304 - "http://localhost:3000/" "Mozilla/5.0 (Windows NT 10.0; WOW64) AppleWebKit/537.36 (KHTML, like Gecko) Chrome/49.0.2623.110 Safari/537.36"
[2016-05-11 17:06:56.632] [INFO] normal - ::1 - - "GET /public/css/common.css HTTP/1.1" 304 - "http://localhost:3000/" "Mozilla/5.0 (Windows NT 10.0; WOW64) AppleWebKit/537.36 (KHTML, like Gecko) Chrome/49.0.2623.110 Safari/537.36"
[2016-05-11 17:06:56.633] [INFO] normal - ::1 - - "GET /public/css/index.css HTTP/1.1" 304 - "http://localhost:3000/" "Mozilla/5.0 (Windows NT 10.0; WOW64) AppleWebKit/537.36 (KHTML, like Gecko) Chrome/49.0.2623.110 Safari/537.36"
[2016-05-11 17:06:56.634] [INFO] normal - ::1 - - "GET /public/js/jquery-1.12.1.min.js HTTP/1.1" 304 - "http://localhost:3000/" "Mozilla/5.0 (Windows NT 10.0; WOW64) AppleWebKit/537.36 (KHTML, like Gecko) Chrome/49.0.2623.110 Safari/537.36"
[2016-05-11 17:06:56.636] [INFO] normal - ::1 - - "GET /captcha/get?width=120&height=35 HTTP/1.1" 200 - "http://localhost:3000/" "Mozilla/5.0 (Windows NT 10.0; WOW64) AppleWebKit/537.36 (KHTML, like Gecko) Chrome/49.0.2623.110 Safari/537.36"
[2016-05-11 17:06:56.638] [INFO] normal - ::1 - - "GET /public/js/common.js HTTP/1.1" 304 - "http://localhost:3000/" "Mozilla/5.0 (Windows NT 10.0; WOW64) AppleWebKit/537.36 (KHTML, like Gecko) Chrome/49.0.2623.110 Safari/537.36"
[2016-05-11 17:06:56.640] [INFO] normal - ::1 - - "GET /public/js/index.js HTTP/1.1" 304 - "http://localhost:3000/" "Mozilla/5.0 (Windows NT 10.0; WOW64) AppleWebKit/537.36 (KHTML, like Gecko) Chrome/49.0.2623.110 Safari/537.36"
[2016-05-11 17:06:57.688] [INFO] normal - ::1 - - "GET /captcha/get?width=120&height=35&1462957617658 HTTP/1.1" 200 - "http://localhost:3000/" "Mozilla/5.0 (Windows NT 10.0; WOW64) AppleWebKit/537.36 (KHTML, like Gecko) Chrome/49.0.2623.110 Safari/537.36"
[2016-05-11 17:07:02.050] [INFO] normal - ::1 - - "GET /captcha/get?width=120&height=35&1462957622031 HTTP/1.1" 200 - "http://localhost:3000/" "Mozilla/5.0 (Windows NT 10.0; WOW64) AppleWebKit/537.36 (KHTML, like Gecko) Chrome/49.0.2623.110 Safari/537.36"
[2016-05-11 17:07:26.989] [INFO] normal - ::1 - - "GET / HTTP/1.1" 200 20470 "http://localhost:3000/" "Mozilla/5.0 (Windows NT 10.0; WOW64) AppleWebKit/537.36 (KHTML, like Gecko) Chrome/49.0.2623.110 Safari/537.36"
[2016-05-11 17:07:27.054] [INFO] normal - ::1 - - "GET /public/css/font-awesome/font-awesome.min.css HTTP/1.1" 304 - "http://localhost:3000/" "Mozilla/5.0 (Windows NT 10.0; WOW64) AppleWebKit/537.36 (KHTML, like Gecko) Chrome/49.0.2623.110 Safari/537.36"
[2016-05-11 17:07:27.056] [INFO] normal - ::1 - - "GET /public/css/common.css HTTP/1.1" 304 - "http://localhost:3000/" "Mozilla/5.0 (Windows NT 10.0; WOW64) AppleWebKit/537.36 (KHTML, like Gecko) Chrome/49.0.2623.110 Safari/537.36"
[2016-05-11 17:07:27.057] [INFO] normal - ::1 - - "GET /public/css/index.css HTTP/1.1" 304 - "http://localhost:3000/" "Mozilla/5.0 (Windows NT 10.0; WOW64) AppleWebKit/537.36 (KHTML, like Gecko) Chrome/49.0.2623.110 Safari/537.36"
[2016-05-11 17:07:27.058] [INFO] normal - ::1 - - "GET /captcha/get?width=120&height=35 HTTP/1.1" 200 - "http://localhost:3000/" "Mozilla/5.0 (Windows NT 10.0; WOW64) AppleWebKit/537.36 (KHTML, like Gecko) Chrome/49.0.2623.110 Safari/537.36"
[2016-05-11 17:07:27.065] [INFO] normal - ::1 - - "GET /public/js/index.js HTTP/1.1" 304 - "http://localhost:3000/" "Mozilla/5.0 (Windows NT 10.0; WOW64) AppleWebKit/537.36 (KHTML, like Gecko) Chrome/49.0.2623.110 Safari/537.36"
[2016-05-11 17:07:27.067] [INFO] normal - ::1 - - "GET /public/js/common.js HTTP/1.1" 304 - "http://localhost:3000/" "Mozilla/5.0 (Windows NT 10.0; WOW64) AppleWebKit/537.36 (KHTML, like Gecko) Chrome/49.0.2623.110 Safari/537.36"
[2016-05-11 17:07:27.068] [INFO] normal - ::1 - - "GET /public/js/jquery-1.12.1.min.js HTTP/1.1" 304 - "http://localhost:3000/" "Mozilla/5.0 (Windows NT 10.0; WOW64) AppleWebKit/537.36 (KHTML, like Gecko) Chrome/49.0.2623.110 Safari/537.36"
[2016-05-11 17:07:28.242] [INFO] normal - ::1 - - "GET /captcha/get?width=120&height=35&1462957648213 HTTP/1.1" 200 - "http://localhost:3000/" "Mozilla/5.0 (Windows NT 10.0; WOW64) AppleWebKit/537.36 (KHTML, like Gecko) Chrome/49.0.2623.110 Safari/537.36"
[2016-05-11 17:07:29.616] [INFO] normal - ::1 - - "GET /captcha/get?width=120&height=35&1462957649603 HTTP/1.1" 200 - "http://localhost:3000/" "Mozilla/5.0 (Windows NT 10.0; WOW64) AppleWebKit/537.36 (KHTML, like Gecko) Chrome/49.0.2623.110 Safari/537.36"
[2016-05-11 17:10:03.676] [INFO] normal - ::1 - - "GET / HTTP/1.1" 304 - "http://localhost:3000/" "Mozilla/5.0 (Windows NT 10.0; WOW64) AppleWebKit/537.36 (KHTML, like Gecko) Chrome/49.0.2623.110 Safari/537.36"
[2016-05-11 17:10:03.733] [INFO] normal - ::1 - - "GET /public/css/font-awesome/font-awesome.min.css HTTP/1.1" 304 - "http://localhost:3000/" "Mozilla/5.0 (Windows NT 10.0; WOW64) AppleWebKit/537.36 (KHTML, like Gecko) Chrome/49.0.2623.110 Safari/537.36"
[2016-05-11 17:10:03.751] [INFO] normal - ::1 - - "GET /public/css/index.css HTTP/1.1" 304 - "http://localhost:3000/" "Mozilla/5.0 (Windows NT 10.0; WOW64) AppleWebKit/537.36 (KHTML, like Gecko) Chrome/49.0.2623.110 Safari/537.36"
[2016-05-11 17:10:03.753] [INFO] normal - ::1 - - "GET /captcha/get?width=120&height=35 HTTP/1.1" 200 - "http://localhost:3000/" "Mozilla/5.0 (Windows NT 10.0; WOW64) AppleWebKit/537.36 (KHTML, like Gecko) Chrome/49.0.2623.110 Safari/537.36"
[2016-05-11 17:10:03.759] [INFO] normal - ::1 - - "GET /public/css/common.css HTTP/1.1" 200 5395 "http://localhost:3000/" "Mozilla/5.0 (Windows NT 10.0; WOW64) AppleWebKit/537.36 (KHTML, like Gecko) Chrome/49.0.2623.110 Safari/537.36"
[2016-05-11 17:10:03.761] [INFO] normal - ::1 - - "GET /public/js/jquery-1.12.1.min.js HTTP/1.1" 304 - "http://localhost:3000/" "Mozilla/5.0 (Windows NT 10.0; WOW64) AppleWebKit/537.36 (KHTML, like Gecko) Chrome/49.0.2623.110 Safari/537.36"
[2016-05-11 17:10:03.762] [INFO] normal - ::1 - - "GET /public/js/common.js HTTP/1.1" 304 - "http://localhost:3000/" "Mozilla/5.0 (Windows NT 10.0; WOW64) AppleWebKit/537.36 (KHTML, like Gecko) Chrome/49.0.2623.110 Safari/537.36"
[2016-05-11 17:10:03.765] [INFO] normal - ::1 - - "GET /public/js/index.js HTTP/1.1" 304 - "http://localhost:3000/" "Mozilla/5.0 (Windows NT 10.0; WOW64) AppleWebKit/537.36 (KHTML, like Gecko) Chrome/49.0.2623.110 Safari/537.36"
[2016-05-11 17:10:04.710] [INFO] normal - ::1 - - "GET /captcha/get?width=120&height=35&1462957804670 HTTP/1.1" 200 - "http://localhost:3000/" "Mozilla/5.0 (Windows NT 10.0; WOW64) AppleWebKit/537.36 (KHTML, like Gecko) Chrome/49.0.2623.110 Safari/537.36"
[2016-05-11 17:10:19.158] [INFO] normal - ::1 - - "GET / HTTP/1.1" 304 - "http://localhost:3000/" "Mozilla/5.0 (Windows NT 10.0; WOW64) AppleWebKit/537.36 (KHTML, like Gecko) Chrome/49.0.2623.110 Safari/537.36"
[2016-05-11 17:10:19.203] [INFO] normal - ::1 - - "GET /public/css/font-awesome/font-awesome.min.css HTTP/1.1" 304 - "http://localhost:3000/" "Mozilla/5.0 (Windows NT 10.0; WOW64) AppleWebKit/537.36 (KHTML, like Gecko) Chrome/49.0.2623.110 Safari/537.36"
[2016-05-11 17:10:19.209] [INFO] normal - ::1 - - "GET /public/css/index.css HTTP/1.1" 304 - "http://localhost:3000/" "Mozilla/5.0 (Windows NT 10.0; WOW64) AppleWebKit/537.36 (KHTML, like Gecko) Chrome/49.0.2623.110 Safari/537.36"
[2016-05-11 17:10:19.216] [INFO] normal - ::1 - - "GET /public/css/common.css HTTP/1.1" 200 5395 "http://localhost:3000/" "Mozilla/5.0 (Windows NT 10.0; WOW64) AppleWebKit/537.36 (KHTML, like Gecko) Chrome/49.0.2623.110 Safari/537.36"
[2016-05-11 17:10:19.217] [INFO] normal - ::1 - - "GET /captcha/get?width=120&height=35 HTTP/1.1" 200 - "http://localhost:3000/" "Mozilla/5.0 (Windows NT 10.0; WOW64) AppleWebKit/537.36 (KHTML, like Gecko) Chrome/49.0.2623.110 Safari/537.36"
[2016-05-11 17:10:19.226] [INFO] normal - ::1 - - "GET /public/js/jquery-1.12.1.min.js HTTP/1.1" 304 - "http://localhost:3000/" "Mozilla/5.0 (Windows NT 10.0; WOW64) AppleWebKit/537.36 (KHTML, like Gecko) Chrome/49.0.2623.110 Safari/537.36"
[2016-05-11 17:10:19.228] [INFO] normal - ::1 - - "GET /public/js/common.js HTTP/1.1" 304 - "http://localhost:3000/" "Mozilla/5.0 (Windows NT 10.0; WOW64) AppleWebKit/537.36 (KHTML, like Gecko) Chrome/49.0.2623.110 Safari/537.36"
[2016-05-11 17:10:19.229] [INFO] normal - ::1 - - "GET /public/js/index.js HTTP/1.1" 304 - "http://localhost:3000/" "Mozilla/5.0 (Windows NT 10.0; WOW64) AppleWebKit/537.36 (KHTML, like Gecko) Chrome/49.0.2623.110 Safari/537.36"
[2016-05-11 17:10:20.472] [INFO] normal - ::1 - - "GET /captcha/get?width=120&height=35&1462957820424 HTTP/1.1" 200 - "http://localhost:3000/" "Mozilla/5.0 (Windows NT 10.0; WOW64) AppleWebKit/537.36 (KHTML, like Gecko) Chrome/49.0.2623.110 Safari/537.36"
[2016-05-11 17:10:43.070] [INFO] normal - ::1 - - "GET / HTTP/1.1" 304 - "http://localhost:3000/" "Mozilla/5.0 (Windows NT 10.0; WOW64) AppleWebKit/537.36 (KHTML, like Gecko) Chrome/49.0.2623.110 Safari/537.36"
[2016-05-11 17:10:43.115] [INFO] normal - ::1 - - "GET /public/css/font-awesome/font-awesome.min.css HTTP/1.1" 304 - "http://localhost:3000/" "Mozilla/5.0 (Windows NT 10.0; WOW64) AppleWebKit/537.36 (KHTML, like Gecko) Chrome/49.0.2623.110 Safari/537.36"
[2016-05-11 17:10:43.125] [INFO] normal - ::1 - - "GET /captcha/get?width=120&height=35 HTTP/1.1" 200 - "http://localhost:3000/" "Mozilla/5.0 (Windows NT 10.0; WOW64) AppleWebKit/537.36 (KHTML, like Gecko) Chrome/49.0.2623.110 Safari/537.36"
[2016-05-11 17:10:43.128] [INFO] normal - ::1 - - "GET /public/css/index.css HTTP/1.1" 304 - "http://localhost:3000/" "Mozilla/5.0 (Windows NT 10.0; WOW64) AppleWebKit/537.36 (KHTML, like Gecko) Chrome/49.0.2623.110 Safari/537.36"
[2016-05-11 17:10:43.131] [INFO] normal - ::1 - - "GET /public/js/jquery-1.12.1.min.js HTTP/1.1" 304 - "http://localhost:3000/" "Mozilla/5.0 (Windows NT 10.0; WOW64) AppleWebKit/537.36 (KHTML, like Gecko) Chrome/49.0.2623.110 Safari/537.36"
[2016-05-11 17:10:43.132] [INFO] normal - ::1 - - "GET /public/js/common.js HTTP/1.1" 304 - "http://localhost:3000/" "Mozilla/5.0 (Windows NT 10.0; WOW64) AppleWebKit/537.36 (KHTML, like Gecko) Chrome/49.0.2623.110 Safari/537.36"
[2016-05-11 17:10:43.133] [INFO] normal - ::1 - - "GET /public/js/index.js HTTP/1.1" 304 - "http://localhost:3000/" "Mozilla/5.0 (Windows NT 10.0; WOW64) AppleWebKit/537.36 (KHTML, like Gecko) Chrome/49.0.2623.110 Safari/537.36"
[2016-05-11 17:10:43.135] [INFO] normal - ::1 - - "GET /public/css/common.css HTTP/1.1" 200 5417 "http://localhost:3000/" "Mozilla/5.0 (Windows NT 10.0; WOW64) AppleWebKit/537.36 (KHTML, like Gecko) Chrome/49.0.2623.110 Safari/537.36"
[2016-05-11 17:10:44.030] [INFO] normal - ::1 - - "GET /captcha/get?width=120&height=35&1462957843986 HTTP/1.1" 200 - "http://localhost:3000/" "Mozilla/5.0 (Windows NT 10.0; WOW64) AppleWebKit/537.36 (KHTML, like Gecko) Chrome/49.0.2623.110 Safari/537.36"
[2016-05-11 17:11:13.710] [INFO] normal - ::1 - - "GET / HTTP/1.1" 304 - "http://localhost:3000/" "Mozilla/5.0 (Windows NT 10.0; WOW64) AppleWebKit/537.36 (KHTML, like Gecko) Chrome/49.0.2623.110 Safari/537.36"
[2016-05-11 17:11:13.760] [INFO] normal - ::1 - - "GET /public/css/font-awesome/font-awesome.min.css HTTP/1.1" 304 - "http://localhost:3000/" "Mozilla/5.0 (Windows NT 10.0; WOW64) AppleWebKit/537.36 (KHTML, like Gecko) Chrome/49.0.2623.110 Safari/537.36"
[2016-05-11 17:11:13.762] [INFO] normal - ::1 - - "GET /public/css/index.css HTTP/1.1" 304 - "http://localhost:3000/" "Mozilla/5.0 (Windows NT 10.0; WOW64) AppleWebKit/537.36 (KHTML, like Gecko) Chrome/49.0.2623.110 Safari/537.36"
[2016-05-11 17:11:13.768] [INFO] normal - ::1 - - "GET /captcha/get?width=120&height=35 HTTP/1.1" 200 - "http://localhost:3000/" "Mozilla/5.0 (Windows NT 10.0; WOW64) AppleWebKit/537.36 (KHTML, like Gecko) Chrome/49.0.2623.110 Safari/537.36"
[2016-05-11 17:11:13.770] [INFO] normal - ::1 - - "GET /public/css/common.css HTTP/1.1" 200 5395 "http://localhost:3000/" "Mozilla/5.0 (Windows NT 10.0; WOW64) AppleWebKit/537.36 (KHTML, like Gecko) Chrome/49.0.2623.110 Safari/537.36"
[2016-05-11 17:11:13.772] [INFO] normal - ::1 - - "GET /public/js/jquery-1.12.1.min.js HTTP/1.1" 304 - "http://localhost:3000/" "Mozilla/5.0 (Windows NT 10.0; WOW64) AppleWebKit/537.36 (KHTML, like Gecko) Chrome/49.0.2623.110 Safari/537.36"
[2016-05-11 17:11:13.775] [INFO] normal - ::1 - - "GET /public/js/common.js HTTP/1.1" 304 - "http://localhost:3000/" "Mozilla/5.0 (Windows NT 10.0; WOW64) AppleWebKit/537.36 (KHTML, like Gecko) Chrome/49.0.2623.110 Safari/537.36"
[2016-05-11 17:11:13.779] [INFO] normal - ::1 - - "GET /public/js/index.js HTTP/1.1" 304 - "http://localhost:3000/" "Mozilla/5.0 (Windows NT 10.0; WOW64) AppleWebKit/537.36 (KHTML, like Gecko) Chrome/49.0.2623.110 Safari/537.36"
[2016-05-11 17:11:15.013] [INFO] normal - ::1 - - "GET /captcha/get?width=120&height=35&1462957874982 HTTP/1.1" 200 - "http://localhost:3000/" "Mozilla/5.0 (Windows NT 10.0; WOW64) AppleWebKit/537.36 (KHTML, like Gecko) Chrome/49.0.2623.110 Safari/537.36"
[2016-05-11 17:12:36.825] [INFO] normal - ::1 - - "GET / HTTP/1.1" 304 - "http://localhost:3000/" "Mozilla/5.0 (Windows NT 10.0; WOW64) AppleWebKit/537.36 (KHTML, like Gecko) Chrome/49.0.2623.110 Safari/537.36"
[2016-05-11 17:12:36.871] [INFO] normal - ::1 - - "GET /public/css/font-awesome/font-awesome.min.css HTTP/1.1" 304 - "http://localhost:3000/" "Mozilla/5.0 (Windows NT 10.0; WOW64) AppleWebKit/537.36 (KHTML, like Gecko) Chrome/49.0.2623.110 Safari/537.36"
[2016-05-11 17:12:36.875] [INFO] normal - ::1 - - "GET /public/css/index.css HTTP/1.1" 304 - "http://localhost:3000/" "Mozilla/5.0 (Windows NT 10.0; WOW64) AppleWebKit/537.36 (KHTML, like Gecko) Chrome/49.0.2623.110 Safari/537.36"
[2016-05-11 17:12:36.876] [INFO] normal - ::1 - - "GET /public/css/common.css HTTP/1.1" 200 5413 "http://localhost:3000/" "Mozilla/5.0 (Windows NT 10.0; WOW64) AppleWebKit/537.36 (KHTML, like Gecko) Chrome/49.0.2623.110 Safari/537.36"
[2016-05-11 17:12:36.882] [INFO] normal - ::1 - - "GET /captcha/get?width=120&height=35 HTTP/1.1" 200 - "http://localhost:3000/" "Mozilla/5.0 (Windows NT 10.0; WOW64) AppleWebKit/537.36 (KHTML, like Gecko) Chrome/49.0.2623.110 Safari/537.36"
[2016-05-11 17:12:36.884] [INFO] normal - ::1 - - "GET /public/js/jquery-1.12.1.min.js HTTP/1.1" 304 - "http://localhost:3000/" "Mozilla/5.0 (Windows NT 10.0; WOW64) AppleWebKit/537.36 (KHTML, like Gecko) Chrome/49.0.2623.110 Safari/537.36"
[2016-05-11 17:12:36.885] [INFO] normal - ::1 - - "GET /public/js/index.js HTTP/1.1" 304 - "http://localhost:3000/" "Mozilla/5.0 (Windows NT 10.0; WOW64) AppleWebKit/537.36 (KHTML, like Gecko) Chrome/49.0.2623.110 Safari/537.36"
[2016-05-11 17:12:36.885] [INFO] normal - ::1 - - "GET /public/js/common.js HTTP/1.1" 304 - "http://localhost:3000/" "Mozilla/5.0 (Windows NT 10.0; WOW64) AppleWebKit/537.36 (KHTML, like Gecko) Chrome/49.0.2623.110 Safari/537.36"
[2016-05-11 17:12:37.940] [INFO] normal - ::1 - - "GET /captcha/get?width=120&height=35&1462957957908 HTTP/1.1" 200 - "http://localhost:3000/" "Mozilla/5.0 (Windows NT 10.0; WOW64) AppleWebKit/537.36 (KHTML, like Gecko) Chrome/49.0.2623.110 Safari/537.36"
[2016-05-11 17:14:08.923] [INFO] normal - ::1 - - "GET / HTTP/1.1" 304 - "http://localhost:3000/" "Mozilla/5.0 (Windows NT 10.0; WOW64) AppleWebKit/537.36 (KHTML, like Gecko) Chrome/49.0.2623.110 Safari/537.36"
[2016-05-11 17:14:08.976] [INFO] normal - ::1 - - "GET /public/css/font-awesome/font-awesome.min.css HTTP/1.1" 304 - "http://localhost:3000/" "Mozilla/5.0 (Windows NT 10.0; WOW64) AppleWebKit/537.36 (KHTML, like Gecko) Chrome/49.0.2623.110 Safari/537.36"
[2016-05-11 17:14:08.977] [INFO] normal - ::1 - - "GET /public/css/index.css HTTP/1.1" 304 - "http://localhost:3000/" "Mozilla/5.0 (Windows NT 10.0; WOW64) AppleWebKit/537.36 (KHTML, like Gecko) Chrome/49.0.2623.110 Safari/537.36"
[2016-05-11 17:14:08.978] [INFO] normal - ::1 - - "GET /captcha/get?width=120&height=35 HTTP/1.1" 200 - "http://localhost:3000/" "Mozilla/5.0 (Windows NT 10.0; WOW64) AppleWebKit/537.36 (KHTML, like Gecko) Chrome/49.0.2623.110 Safari/537.36"
[2016-05-11 17:14:08.981] [INFO] normal - ::1 - - "GET /public/js/jquery-1.12.1.min.js HTTP/1.1" 304 - "http://localhost:3000/" "Mozilla/5.0 (Windows NT 10.0; WOW64) AppleWebKit/537.36 (KHTML, like Gecko) Chrome/49.0.2623.110 Safari/537.36"
[2016-05-11 17:14:08.982] [INFO] normal - ::1 - - "GET /public/js/common.js HTTP/1.1" 304 - "http://localhost:3000/" "Mozilla/5.0 (Windows NT 10.0; WOW64) AppleWebKit/537.36 (KHTML, like Gecko) Chrome/49.0.2623.110 Safari/537.36"
[2016-05-11 17:14:08.983] [INFO] normal - ::1 - - "GET /public/js/index.js HTTP/1.1" 304 - "http://localhost:3000/" "Mozilla/5.0 (Windows NT 10.0; WOW64) AppleWebKit/537.36 (KHTML, like Gecko) Chrome/49.0.2623.110 Safari/537.36"
[2016-05-11 17:14:08.984] [INFO] normal - ::1 - - "GET /public/css/common.css HTTP/1.1" 200 5422 "http://localhost:3000/" "Mozilla/5.0 (Windows NT 10.0; WOW64) AppleWebKit/537.36 (KHTML, like Gecko) Chrome/49.0.2623.110 Safari/537.36"
[2016-05-11 17:14:10.140] [INFO] normal - ::1 - - "GET /captcha/get?width=120&height=35&1462958050104 HTTP/1.1" 200 - "http://localhost:3000/" "Mozilla/5.0 (Windows NT 10.0; WOW64) AppleWebKit/537.36 (KHTML, like Gecko) Chrome/49.0.2623.110 Safari/537.36"
[2016-05-11 17:14:13.772] [INFO] normal - ::1 - - "GET /captcha/get?width=120&height=35&1462958053753 HTTP/1.1" 200 - "http://localhost:3000/" "Mozilla/5.0 (Windows NT 10.0; WOW64) AppleWebKit/537.36 (KHTML, like Gecko) Chrome/49.0.2623.110 Safari/537.36"
[2016-05-11 17:16:47.390] [INFO] normal - ::1 - - "GET / HTTP/1.1" 200 20596 "http://localhost:3000/" "Mozilla/5.0 (Windows NT 10.0; WOW64) AppleWebKit/537.36 (KHTML, like Gecko) Chrome/49.0.2623.110 Safari/537.36"
[2016-05-11 17:16:47.443] [INFO] normal - ::1 - - "GET /public/css/font-awesome/font-awesome.min.css HTTP/1.1" 304 - "http://localhost:3000/" "Mozilla/5.0 (Windows NT 10.0; WOW64) AppleWebKit/537.36 (KHTML, like Gecko) Chrome/49.0.2623.110 Safari/537.36"
[2016-05-11 17:16:47.445] [INFO] normal - ::1 - - "GET /public/css/common.css HTTP/1.1" 304 - "http://localhost:3000/" "Mozilla/5.0 (Windows NT 10.0; WOW64) AppleWebKit/537.36 (KHTML, like Gecko) Chrome/49.0.2623.110 Safari/537.36"
[2016-05-11 17:16:47.446] [INFO] normal - ::1 - - "GET /public/css/index.css HTTP/1.1" 304 - "http://localhost:3000/" "Mozilla/5.0 (Windows NT 10.0; WOW64) AppleWebKit/537.36 (KHTML, like Gecko) Chrome/49.0.2623.110 Safari/537.36"
[2016-05-11 17:16:47.447] [INFO] normal - ::1 - - "GET /public/js/jquery-1.12.1.min.js HTTP/1.1" 304 - "http://localhost:3000/" "Mozilla/5.0 (Windows NT 10.0; WOW64) AppleWebKit/537.36 (KHTML, like Gecko) Chrome/49.0.2623.110 Safari/537.36"
[2016-05-11 17:16:47.449] [INFO] normal - ::1 - - "GET /captcha/get?width=120&height=35 HTTP/1.1" 200 - "http://localhost:3000/" "Mozilla/5.0 (Windows NT 10.0; WOW64) AppleWebKit/537.36 (KHTML, like Gecko) Chrome/49.0.2623.110 Safari/537.36"
[2016-05-11 17:16:47.452] [INFO] normal - ::1 - - "GET /public/js/common.js HTTP/1.1" 304 - "http://localhost:3000/" "Mozilla/5.0 (Windows NT 10.0; WOW64) AppleWebKit/537.36 (KHTML, like Gecko) Chrome/49.0.2623.110 Safari/537.36"
[2016-05-11 17:16:47.454] [INFO] normal - ::1 - - "GET /public/js/index.js HTTP/1.1" 304 - "http://localhost:3000/" "Mozilla/5.0 (Windows NT 10.0; WOW64) AppleWebKit/537.36 (KHTML, like Gecko) Chrome/49.0.2623.110 Safari/537.36"
[2016-05-11 17:16:48.814] [INFO] normal - ::1 - - "GET /captcha/get?width=120&height=35&1462958208779 HTTP/1.1" 200 - "http://localhost:3000/" "Mozilla/5.0 (Windows NT 10.0; WOW64) AppleWebKit/537.36 (KHTML, like Gecko) Chrome/49.0.2623.110 Safari/537.36"
[2016-05-11 17:16:55.758] [INFO] normal - ::1 - - "GET / HTTP/1.1" 200 20470 "http://localhost:3000/" "Mozilla/5.0 (Windows NT 10.0; WOW64) AppleWebKit/537.36 (KHTML, like Gecko) Chrome/49.0.2623.110 Safari/537.36"
[2016-05-11 17:16:55.812] [INFO] normal - ::1 - - "GET /public/css/font-awesome/font-awesome.min.css HTTP/1.1" 304 - "http://localhost:3000/" "Mozilla/5.0 (Windows NT 10.0; WOW64) AppleWebKit/537.36 (KHTML, like Gecko) Chrome/49.0.2623.110 Safari/537.36"
[2016-05-11 17:16:55.814] [INFO] normal - ::1 - - "GET /public/css/common.css HTTP/1.1" 304 - "http://localhost:3000/" "Mozilla/5.0 (Windows NT 10.0; WOW64) AppleWebKit/537.36 (KHTML, like Gecko) Chrome/49.0.2623.110 Safari/537.36"
[2016-05-11 17:16:55.815] [INFO] normal - ::1 - - "GET /public/css/index.css HTTP/1.1" 304 - "http://localhost:3000/" "Mozilla/5.0 (Windows NT 10.0; WOW64) AppleWebKit/537.36 (KHTML, like Gecko) Chrome/49.0.2623.110 Safari/537.36"
[2016-05-11 17:16:55.816] [INFO] normal - ::1 - - "GET /public/js/jquery-1.12.1.min.js HTTP/1.1" 304 - "http://localhost:3000/" "Mozilla/5.0 (Windows NT 10.0; WOW64) AppleWebKit/537.36 (KHTML, like Gecko) Chrome/49.0.2623.110 Safari/537.36"
[2016-05-11 17:16:55.820] [INFO] normal - ::1 - - "GET /captcha/get?width=120&height=35 HTTP/1.1" 200 - "http://localhost:3000/" "Mozilla/5.0 (Windows NT 10.0; WOW64) AppleWebKit/537.36 (KHTML, like Gecko) Chrome/49.0.2623.110 Safari/537.36"
[2016-05-11 17:16:55.824] [INFO] normal - ::1 - - "GET /public/js/common.js HTTP/1.1" 304 - "http://localhost:3000/" "Mozilla/5.0 (Windows NT 10.0; WOW64) AppleWebKit/537.36 (KHTML, like Gecko) Chrome/49.0.2623.110 Safari/537.36"
[2016-05-11 17:16:55.826] [INFO] normal - ::1 - - "GET /public/js/index.js HTTP/1.1" 304 - "http://localhost:3000/" "Mozilla/5.0 (Windows NT 10.0; WOW64) AppleWebKit/537.36 (KHTML, like Gecko) Chrome/49.0.2623.110 Safari/537.36"
[2016-05-11 17:16:56.570] [INFO] normal - ::1 - - "GET /captcha/get?width=120&height=35&1462958216530 HTTP/1.1" 200 - "http://localhost:3000/" "Mozilla/5.0 (Windows NT 10.0; WOW64) AppleWebKit/537.36 (KHTML, like Gecko) Chrome/49.0.2623.110 Safari/537.36"
[2016-05-11 17:19:07.605] [INFO] normal - ::1 - - "GET / HTTP/1.1" 200 20497 "http://localhost:3000/" "Mozilla/5.0 (Windows NT 10.0; WOW64) AppleWebKit/537.36 (KHTML, like Gecko) Chrome/49.0.2623.110 Safari/537.36"
[2016-05-11 17:19:07.657] [INFO] normal - ::1 - - "GET /public/css/font-awesome/font-awesome.min.css HTTP/1.1" 304 - "http://localhost:3000/" "Mozilla/5.0 (Windows NT 10.0; WOW64) AppleWebKit/537.36 (KHTML, like Gecko) Chrome/49.0.2623.110 Safari/537.36"
[2016-05-11 17:19:07.659] [INFO] normal - ::1 - - "GET /public/css/common.css HTTP/1.1" 304 - "http://localhost:3000/" "Mozilla/5.0 (Windows NT 10.0; WOW64) AppleWebKit/537.36 (KHTML, like Gecko) Chrome/49.0.2623.110 Safari/537.36"
[2016-05-11 17:19:07.660] [INFO] normal - ::1 - - "GET /public/css/index.css HTTP/1.1" 304 - "http://localhost:3000/" "Mozilla/5.0 (Windows NT 10.0; WOW64) AppleWebKit/537.36 (KHTML, like Gecko) Chrome/49.0.2623.110 Safari/537.36"
[2016-05-11 17:19:07.677] [INFO] normal - ::1 - - "GET /captcha/get?width=120&height=35 HTTP/1.1" 200 - "http://localhost:3000/" "Mozilla/5.0 (Windows NT 10.0; WOW64) AppleWebKit/537.36 (KHTML, like Gecko) Chrome/49.0.2623.110 Safari/537.36"
[2016-05-11 17:19:07.679] [INFO] normal - ::1 - - "GET /public/js/index.js HTTP/1.1" 304 - "http://localhost:3000/" "Mozilla/5.0 (Windows NT 10.0; WOW64) AppleWebKit/537.36 (KHTML, like Gecko) Chrome/49.0.2623.110 Safari/537.36"
[2016-05-11 17:19:07.681] [INFO] normal - ::1 - - "GET /public/js/jquery-1.12.1.min.js HTTP/1.1" 304 - "http://localhost:3000/" "Mozilla/5.0 (Windows NT 10.0; WOW64) AppleWebKit/537.36 (KHTML, like Gecko) Chrome/49.0.2623.110 Safari/537.36"
[2016-05-11 17:19:07.683] [INFO] normal - ::1 - - "GET /public/js/common.js HTTP/1.1" 304 - "http://localhost:3000/" "Mozilla/5.0 (Windows NT 10.0; WOW64) AppleWebKit/537.36 (KHTML, like Gecko) Chrome/49.0.2623.110 Safari/537.36"
[2016-05-11 17:19:08.622] [INFO] normal - ::1 - - "GET /captcha/get?width=120&height=35&1462958348599 HTTP/1.1" 200 - "http://localhost:3000/" "Mozilla/5.0 (Windows NT 10.0; WOW64) AppleWebKit/537.36 (KHTML, like Gecko) Chrome/49.0.2623.110 Safari/537.36"
[2016-05-11 17:19:30.152] [INFO] normal - ::1 - - "GET /captcha/get?width=120&height=35&1462958370127 HTTP/1.1" 200 - "http://localhost:3000/" "Mozilla/5.0 (Windows NT 10.0; WOW64) AppleWebKit/537.36 (KHTML, like Gecko) Chrome/49.0.2623.110 Safari/537.36"
[2016-05-11 17:20:57.605] [INFO] normal - ::1 - - "GET / HTTP/1.1" 200 20498 "http://localhost:3000/" "Mozilla/5.0 (Windows NT 10.0; WOW64) AppleWebKit/537.36 (KHTML, like Gecko) Chrome/49.0.2623.110 Safari/537.36"
[2016-05-11 17:20:57.645] [INFO] normal - ::1 - - "GET /public/css/font-awesome/font-awesome.min.css HTTP/1.1" 304 - "http://localhost:3000/" "Mozilla/5.0 (Windows NT 10.0; WOW64) AppleWebKit/537.36 (KHTML, like Gecko) Chrome/49.0.2623.110 Safari/537.36"
[2016-05-11 17:20:57.647] [INFO] normal - ::1 - - "GET /public/css/common.css HTTP/1.1" 304 - "http://localhost:3000/" "Mozilla/5.0 (Windows NT 10.0; WOW64) AppleWebKit/537.36 (KHTML, like Gecko) Chrome/49.0.2623.110 Safari/537.36"
[2016-05-11 17:20:57.650] [INFO] normal - ::1 - - "GET /public/css/index.css HTTP/1.1" 304 - "http://localhost:3000/" "Mozilla/5.0 (Windows NT 10.0; WOW64) AppleWebKit/537.36 (KHTML, like Gecko) Chrome/49.0.2623.110 Safari/537.36"
[2016-05-11 17:20:57.651] [INFO] normal - ::1 - - "GET /public/js/jquery-1.12.1.min.js HTTP/1.1" 304 - "http://localhost:3000/" "Mozilla/5.0 (Windows NT 10.0; WOW64) AppleWebKit/537.36 (KHTML, like Gecko) Chrome/49.0.2623.110 Safari/537.36"
[2016-05-11 17:20:57.665] [INFO] normal - ::1 - - "GET /captcha/get?width=120&height=35 HTTP/1.1" 200 - "http://localhost:3000/" "Mozilla/5.0 (Windows NT 10.0; WOW64) AppleWebKit/537.36 (KHTML, like Gecko) Chrome/49.0.2623.110 Safari/537.36"
[2016-05-11 17:20:57.667] [INFO] normal - ::1 - - "GET /public/js/common.js HTTP/1.1" 304 - "http://localhost:3000/" "Mozilla/5.0 (Windows NT 10.0; WOW64) AppleWebKit/537.36 (KHTML, like Gecko) Chrome/49.0.2623.110 Safari/537.36"
[2016-05-11 17:20:57.672] [INFO] normal - ::1 - - "GET /public/js/index.js HTTP/1.1" 304 - "http://localhost:3000/" "Mozilla/5.0 (Windows NT 10.0; WOW64) AppleWebKit/537.36 (KHTML, like Gecko) Chrome/49.0.2623.110 Safari/537.36"
[2016-05-11 17:20:58.605] [INFO] normal - ::1 - - "GET /captcha/get?width=120&height=35&1462958458570 HTTP/1.1" 200 - "http://localhost:3000/" "Mozilla/5.0 (Windows NT 10.0; WOW64) AppleWebKit/537.36 (KHTML, like Gecko) Chrome/49.0.2623.110 Safari/537.36"
[2016-05-11 17:21:01.268] [INFO] normal - ::1 - - "GET /captcha/get?width=120&height=35&1462958461257 HTTP/1.1" 200 - "http://localhost:3000/" "Mozilla/5.0 (Windows NT 10.0; WOW64) AppleWebKit/537.36 (KHTML, like Gecko) Chrome/49.0.2623.110 Safari/537.36"
[2016-05-11 17:21:37.015] [INFO] normal - ::1 - - "GET /captcha/get?width=120&height=35&1462958496985 HTTP/1.1" 200 - "http://localhost:3000/" "Mozilla/5.0 (Windows NT 10.0; WOW64) AppleWebKit/537.36 (KHTML, like Gecko) Chrome/49.0.2623.110 Safari/537.36"
[2016-05-11 17:21:37.786] [INFO] normal - ::1 - - "GET /captcha/get?width=120&height=35&1462958497774 HTTP/1.1" 200 - "http://localhost:3000/" "Mozilla/5.0 (Windows NT 10.0; WOW64) AppleWebKit/537.36 (KHTML, like Gecko) Chrome/49.0.2623.110 Safari/537.36"
[2016-05-11 17:21:38.407] [INFO] normal - ::1 - - "GET /captcha/get?width=120&height=35&1462958498392 HTTP/1.1" 200 - "http://localhost:3000/" "Mozilla/5.0 (Windows NT 10.0; WOW64) AppleWebKit/537.36 (KHTML, like Gecko) Chrome/49.0.2623.110 Safari/537.36"
[2016-05-11 17:21:39.535] [INFO] normal - ::1 - - "GET /captcha/get?width=120&height=35&1462958499517 HTTP/1.1" 200 - "http://localhost:3000/" "Mozilla/5.0 (Windows NT 10.0; WOW64) AppleWebKit/537.36 (KHTML, like Gecko) Chrome/49.0.2623.110 Safari/537.36"
[2016-05-11 17:21:40.551] [INFO] normal - ::1 - - "GET /captcha/get?width=120&height=35&1462958500534 HTTP/1.1" 200 - "http://localhost:3000/" "Mozilla/5.0 (Windows NT 10.0; WOW64) AppleWebKit/537.36 (KHTML, like Gecko) Chrome/49.0.2623.110 Safari/537.36"
[2016-05-11 17:21:41.105] [INFO] normal - ::1 - - "GET /captcha/get?width=120&height=35&1462958501082 HTTP/1.1" 200 - "http://localhost:3000/" "Mozilla/5.0 (Windows NT 10.0; WOW64) AppleWebKit/537.36 (KHTML, like Gecko) Chrome/49.0.2623.110 Safari/537.36"
[2016-05-11 17:21:44.219] [INFO] normal - ::1 - - "GET /captcha/get?width=120&height=35&1462958504202 HTTP/1.1" 200 - "http://localhost:3000/" "Mozilla/5.0 (Windows NT 10.0; WOW64) AppleWebKit/537.36 (KHTML, like Gecko) Chrome/49.0.2623.110 Safari/537.36"
[2016-05-11 17:21:47.763] [INFO] normal - ::1 - - "GET /captcha/get?width=120&height=35&1462958507753 HTTP/1.1" 200 - "http://localhost:3000/" "Mozilla/5.0 (Windows NT 10.0; WOW64) AppleWebKit/537.36 (KHTML, like Gecko) Chrome/49.0.2623.110 Safari/537.36"
[2016-05-11 17:21:48.571] [INFO] normal - ::1 - - "GET /captcha/get?width=120&height=35&1462958508564 HTTP/1.1" 200 - "http://localhost:3000/" "Mozilla/5.0 (Windows NT 10.0; WOW64) AppleWebKit/537.36 (KHTML, like Gecko) Chrome/49.0.2623.110 Safari/537.36"
[2016-05-11 17:21:49.108] [INFO] normal - ::1 - - "GET /captcha/get?width=120&height=35&1462958509100 HTTP/1.1" 200 - "http://localhost:3000/" "Mozilla/5.0 (Windows NT 10.0; WOW64) AppleWebKit/537.36 (KHTML, like Gecko) Chrome/49.0.2623.110 Safari/537.36"
[2016-05-11 17:21:49.706] [INFO] normal - ::1 - - "GET /captcha/get?width=120&height=35&1462958509697 HTTP/1.1" 200 - "http://localhost:3000/" "Mozilla/5.0 (Windows NT 10.0; WOW64) AppleWebKit/537.36 (KHTML, like Gecko) Chrome/49.0.2623.110 Safari/537.36"
[2016-05-11 17:21:50.122] [INFO] normal - ::1 - - "GET /captcha/get?width=120&height=35&1462958510115 HTTP/1.1" 200 - "http://localhost:3000/" "Mozilla/5.0 (Windows NT 10.0; WOW64) AppleWebKit/537.36 (KHTML, like Gecko) Chrome/49.0.2623.110 Safari/537.36"
[2016-05-11 20:15:51.828] [INFO] normal - ::1 - - "GET / HTTP/1.1" 200 20498 "" "Mozilla/5.0 (Windows NT 10.0; WOW64) AppleWebKit/537.36 (KHTML, like Gecko) Chrome/49.0.2623.110 Safari/537.36"
[2016-05-11 20:15:51.971] [INFO] normal - ::1 - - "GET /public/css/font-awesome/font-awesome.min.css HTTP/1.1" 200 22482 "http://localhost:3000/" "Mozilla/5.0 (Windows NT 10.0; WOW64) AppleWebKit/537.36 (KHTML, like Gecko) Chrome/49.0.2623.110 Safari/537.36"
[2016-05-11 20:15:51.981] [INFO] normal - ::1 - - "GET /public/css/index.css HTTP/1.1" 200 2398 "http://localhost:3000/" "Mozilla/5.0 (Windows NT 10.0; WOW64) AppleWebKit/537.36 (KHTML, like Gecko) Chrome/49.0.2623.110 Safari/537.36"
[2016-05-11 20:15:51.992] [INFO] normal - ::1 - - "GET /public/css/common.css HTTP/1.1" 200 5422 "http://localhost:3000/" "Mozilla/5.0 (Windows NT 10.0; WOW64) AppleWebKit/537.36 (KHTML, like Gecko) Chrome/49.0.2623.110 Safari/537.36"
[2016-05-11 20:15:52.039] [INFO] normal - ::1 - - "GET /public/js/jquery-1.12.1.min.js HTTP/1.1" 200 97408 "http://localhost:3000/" "Mozilla/5.0 (Windows NT 10.0; WOW64) AppleWebKit/537.36 (KHTML, like Gecko) Chrome/49.0.2623.110 Safari/537.36"
[2016-05-11 20:15:52.250] [INFO] normal - ::1 - - "GET /captcha/get?width=120&height=35 HTTP/1.1" 200 - "http://localhost:3000/" "Mozilla/5.0 (Windows NT 10.0; WOW64) AppleWebKit/537.36 (KHTML, like Gecko) Chrome/49.0.2623.110 Safari/537.36"
[2016-05-11 20:15:52.252] [INFO] normal - ::1 - - "GET /public/js/index.js HTTP/1.1" 200 325 "http://localhost:3000/" "Mozilla/5.0 (Windows NT 10.0; WOW64) AppleWebKit/537.36 (KHTML, like Gecko) Chrome/49.0.2623.110 Safari/537.36"
[2016-05-11 20:15:52.304] [INFO] normal - ::1 - - "GET /public/js/common.js HTTP/1.1" 200 7099 "http://localhost:3000/" "Mozilla/5.0 (Windows NT 10.0; WOW64) AppleWebKit/537.36 (KHTML, like Gecko) Chrome/49.0.2623.110 Safari/537.36"
[2016-05-11 20:15:52.336] [INFO] normal - ::1 - - "GET /public/css/font-awesome/font/fontawesome-webfont.woff?v=3.2.1 HTTP/1.1" 200 43572 "http://localhost:3000/public/css/font-awesome/font-awesome.min.css" "Mozilla/5.0 (Windows NT 10.0; WOW64) AppleWebKit/537.36 (KHTML, like Gecko) Chrome/49.0.2623.110 Safari/537.36"
[2016-05-11 20:15:53.199] [INFO] normal - ::1 - - "GET /favicon.ico HTTP/1.1" 404 24 "http://localhost:3000/" "Mozilla/5.0 (Windows NT 10.0; WOW64) AppleWebKit/537.36 (KHTML, like Gecko) Chrome/49.0.2623.110 Safari/537.36"
